# JRE version: OpenJDK Runtime Environment (11.0.12+7) (build 11.0.12+7-b1504.28-7817840)
# Java VM: OpenJDK 64-Bit Server VM (11.0.12+7-b1504.28-7817840, mixed mode, tiered, compressed oops, g1 gc, windows-amd64)
Heap:
 garbage-first heap   total 499712K, used 210944K [0x0000000080000000, 0x0000000100000000)
  region size 1024K, 24 young (24576K), 9 survivors (9216K)
 Metaspace       used 137576K, capacity 141126K, committed 141228K, reserved 1171456K
  class space    used 16980K, capacity 18347K, committed 18432K, reserved 1048576K
GC Heap History (20 events):
Event: 395.949 GC heap before
{Heap before GC invocations=138 (full 0):
 garbage-first heap   total 295936K, used 243091K [0x0000000080000000, 0x0000000100000000)
  region size 1024K, 77 young (78848K), 13 survivors (13312K)
 Metaspace       used 137523K, capacity 141119K, committed 141228K, reserved 1171456K
  class space    used 16977K, capacity 18346K, committed 18432K, reserved 1048576K
}
Event: 396.100 GC heap after
{Heap after GC invocations=139 (full 0):
 garbage-first heap   total 295936K, used 188416K [0x0000000080000000, 0x0000000100000000)
  region size 1024K, 10 young (10240K), 10 survivors (10240K)
 Metaspace       used 137523K, capacity 141119K, committed 141228K, reserved 1171456K
  class space    used 16977K, capacity 18346K, committed 18432K, reserved 1048576K
}
Event: 398.206 GC heap before
{Heap before GC invocations=139 (full 0):
 garbage-first heap   total 295936K, used 245760K [0x0000000080000000, 0x0000000100000000)
  region size 1024K, 66 young (67584K), 10 survivors (10240K)
 Metaspace       used 137526K, capacity 141119K, committed 141228K, reserved 1171456K
  class space    used 16977K, capacity 18346K, committed 18432K, reserved 1048576K
}
Event: 398.261 GC heap after
{Heap after GC invocations=140 (full 0):
 garbage-first heap   total 295936K, used 191488K [0x0000000080000000, 0x0000000100000000)
  region size 1024K, 4 young (4096K), 4 survivors (4096K)
 Metaspace       used 137526K, capacity 141119K, committed 141228K, reserved 1171456K
  class space    used 16977K, capacity 18346K, committed 18432K, reserved 1048576K
}
Event: 398.988 GC heap before
{Heap before GC invocations=140 (full 0):
 garbage-first heap   total 295936K, used 247808K [0x0000000080000000, 0x0000000100000000)
  region size 1024K, 59 young (60416K), 4 survivors (4096K)
 Metaspace       used 137536K, capacity 141119K, committed 141228K, reserved 1171456K
  class space    used 16978K, capacity 18346K, committed 18432K, reserved 1048576K
}
Event: 399.023 GC heap after
{Heap after GC invocations=141 (full 0):
 garbage-first heap   total 499712K, used 192000K [0x0000000080000000, 0x0000000100000000)
  region size 1024K, 5 young (5120K), 5 survivors (5120K)
 Metaspace       used 137536K, capacity 141119K, committed 141228K, reserved 1171456K
  class space    used 16978K, capacity 18346K, committed 18432K, reserved 1048576K
}
Event: 401.224 GC heap before
{Heap before GC invocations=141 (full 0):
 garbage-first heap   total 499712K, used 280064K [0x0000000080000000, 0x0000000100000000)
  region size 1024K, 91 young (93184K), 5 survivors (5120K)
 Metaspace       used 137536K, capacity 141119K, committed 141228K, reserved 1171456K
  class space    used 16978K, capacity 18346K, committed 18432K, reserved 1048576K
}
Event: 401.250 GC heap after
{Heap after GC invocations=142 (full 0):
 garbage-first heap   total 499712K, used 192375K [0x0000000080000000, 0x0000000100000000)
  region size 1024K, 5 young (5120K), 5 survivors (5120K)
 Metaspace       used 137536K, capacity 141119K, committed 141228K, reserved 1171456K
  class space    used 16978K, capacity 18346K, committed 18432K, reserved 1048576K
}
Event: 402.512 GC heap before
{Heap before GC invocations=142 (full 0):
 garbage-first heap   total 499712K, used 295799K [0x0000000080000000, 0x0000000100000000)
  region size 1024K, 106 young (108544K), 5 survivors (5120K)
 Metaspace       used 137540K, capacity 141119K, committed 141228K, reserved 1171456K
  class space    used 16978K, capacity 18346K, committed 18432K, reserved 1048576K
}
Event: 402.541 GC heap after
{Heap after GC invocations=143 (full 0):
 garbage-first heap   total 499712K, used 192512K [0x0000000080000000, 0x0000000100000000)
  region size 1024K, 5 young (5120K), 5 survivors (5120K)
 Metaspace       used 137540K, capacity 141119K, committed 141228K, reserved 1171456K
  class space    used 16978K, capacity 18346K, committed 18432K, reserved 1048576K
}
Event: 406.420 GC heap before
{Heap before GC invocations=143 (full 0):
 garbage-first heap   total 499712K, used 310272K [0x0000000080000000, 0x0000000100000000)
  region size 1024K, 120 young (122880K), 5 survivors (5120K)
 Metaspace       used 137548K, capacity 141122K, committed 141228K, reserved 1171456K
  class space    used 16979K, capacity 18347K, committed 18432K, reserved 1048576K
}
Event: 406.454 GC heap after
{Heap after GC invocations=144 (full 0):
 garbage-first heap   total 499712K, used 193475K [0x0000000080000000, 0x0000000100000000)
  region size 1024K, 6 young (6144K), 6 survivors (6144K)
 Metaspace       used 137548K, capacity 141122K, committed 141228K, reserved 1171456K
  class space    used 16979K, capacity 18347K, committed 18432K, reserved 1048576K
}
Event: 409.312 GC heap before
{Heap before GC invocations=144 (full 0):
 garbage-first heap   total 499712K, used 326595K [0x0000000080000000, 0x0000000100000000)
  region size 1024K, 136 young (139264K), 6 survivors (6144K)
 Metaspace       used 137553K, capacity 141123K, committed 141228K, reserved 1171456K
  class space    used 16979K, capacity 18347K, committed 18432K, reserved 1048576K
}
Event: 409.344 GC heap after
{Heap after GC invocations=145 (full 0):
 garbage-first heap   total 499712K, used 194560K [0x0000000080000000, 0x0000000100000000)
  region size 1024K, 7 young (7168K), 7 survivors (7168K)
 Metaspace       used 137553K, capacity 141123K, committed 141228K, reserved 1171456K
  class space    used 16979K, capacity 18347K, committed 18432K, reserved 1048576K
}
Event: 411.761 GC heap before
{Heap before GC invocations=145 (full 0):
 garbage-first heap   total 499712K, used 360448K [0x0000000080000000, 0x0000000100000000)
  region size 1024K, 169 young (173056K), 7 survivors (7168K)
 Metaspace       used 137557K, capacity 141124K, committed 141228K, reserved 1171456K
  class space    used 16980K, capacity 18347K, committed 18432K, reserved 1048576K
}
Event: 411.821 GC heap after
{Heap after GC invocations=146 (full 0):
 garbage-first heap   total 499712K, used 194560K [0x0000000080000000, 0x0000000100000000)
  region size 1024K, 7 young (7168K), 7 survivors (7168K)
 Metaspace       used 137557K, capacity 141124K, committed 141228K, reserved 1171456K
  class space    used 16980K, capacity 18347K, committed 18432K, reserved 1048576K
}
Event: 415.479 GC heap before
{Heap before GC invocations=146 (full 0):
 garbage-first heap   total 499712K, used 407552K [0x0000000080000000, 0x0000000100000000)
  region size 1024K, 215 young (220160K), 7 survivors (7168K)
 Metaspace       used 137568K, capacity 141125K, committed 141228K, reserved 1171456K
  class space    used 16980K, capacity 18347K, committed 18432K, reserved 1048576K
}
Event: 415.519 GC heap after
{Heap after GC invocations=147 (full 0):
 garbage-first heap   total 499712K, used 195584K [0x0000000080000000, 0x0000000100000000)
  region size 1024K, 8 young (8192K), 8 survivors (8192K)
 Metaspace       used 137568K, capacity 141125K, committed 141228K, reserved 1171456K
  class space    used 16980K, capacity 18347K, committed 18432K, reserved 1048576K
}
Event: 425.691 GC heap before
{Heap before GC invocations=147 (full 0):
 garbage-first heap   total 499712K, used 409600K [0x0000000080000000, 0x0000000100000000)
  region size 1024K, 217 young (222208K), 8 survivors (8192K)
 Metaspace       used 137575K, capacity 141126K, committed 141228K, reserved 1171456K
  class space    used 16980K, capacity 18347K, committed 18432K, reserved 1048576K
}
Event: 425.739 GC heap after
{Heap after GC invocations=148 (full 0):
 garbage-first heap   total 499712K, used 196608K [0x0000000080000000, 0x0000000100000000)
  region size 1024K, 9 young (9216K), 9 survivors (9216K)
 Metaspace       used 137575K, capacity 141126K, committed 141228K, reserved 1171456K
  class space    used 16980K, capacity 18347K, committed 18432K, reserved 1048576K
}

